TN:
SF:/home/andrew/code/chaht-up-server/src/index.ts
FN:9,(anonymous_1)
FN:10,(anonymous_2)
FN:21,(anonymous_3)
FN:31,(anonymous_4)
FNF:4
FNH:4
FNDA:1,(anonymous_1)
FNDA:2,(anonymous_2)
FNDA:2,(anonymous_3)
FNDA:1,(anonymous_4)
DA:1,1
DA:2,1
DA:3,1
DA:5,1
DA:7,1
DA:9,1
DA:10,1
DA:11,2
DA:12,2
DA:13,1
DA:15,1
DA:16,1
DA:17,1
DA:21,1
DA:22,2
DA:23,2
DA:24,1
DA:26,1
DA:27,1
DA:31,1
DA:32,1
DA:36,1
LF:22
LH:22
BRDA:5,0,0,1
BRF:1
BRH:1
end_of_record
TN:
SF:/home/andrew/code/chaht-up-server/src/helpers/database/getAllMessages.ts
FN:5,(anonymous_1)
FNF:1
FNH:1
FNDA:2,(anonymous_1)
DA:1,3
DA:5,3
DA:6,2
DA:10,2
DA:13,3
LF:5
LH:5
BRF:0
BRH:0
end_of_record
TN:
SF:/home/andrew/code/chaht-up-server/src/helpers/database/index.ts
FNF:0
FNH:0
DA:1,3
DA:2,3
DA:5,3
DA:6,3
LF:4
LH:4
BRF:0
BRH:0
end_of_record
TN:
SF:/home/andrew/code/chaht-up-server/src/helpers/database/insertMessage.ts
FN:8,(anonymous_1)
FNF:1
FNH:1
FNDA:2,(anonymous_1)
DA:1,3
DA:5,3
DA:8,3
DA:9,2
DA:10,2
DA:13,3
LF:6
LH:6
BRF:0
BRH:0
end_of_record
TN:
SF:/home/andrew/code/chaht-up-server/src/helpers/database/pool.ts
FNF:0
FNH:0
DA:1,3
DA:3,3
DA:5,3
DA:7,3
LF:4
LH:4
BRF:0
BRH:0
end_of_record
TN:
SF:/home/andrew/code/chaht-up-server/test/helpers/database/seedMessages.ts
FN:3,(anonymous_1)
FN:5,(anonymous_2)
FNF:2
FNH:2
FNDA:2,(anonymous_1)
FNDA:8,(anonymous_2)
DA:1,2
DA:3,2
DA:4,2
DA:5,8
DA:6,2
DA:12,2
LF:6
LH:6
BRF:0
BRH:0
end_of_record
